
=== Tue Aug 13 20:28:30 2019

Packages were changed.
Update Mode: updateDependencies

The following packages were added:
  com.unity.2d.tilemap@1.0.0
  com.unity.ext.nunit@1.0.0
  com.unity.test-framework@1.0.13
  com.unity.2d.sprite@1.0.0
  com.unity.ide.vscode@1.0.7
  com.unity.ide.rider@1.0.8
  com.unity.ugui@1.0.0
  com.unity.modules.androidjni@1.0.0
The following packages were updated:
  com.unity.package-manager-ui from version 2.1.2 to 2.2.0
  com.unity.timeline from version 1.0.0 to 1.1.0

=== Mon Aug  3 21:06:23 2020

Packages were changed.
Update Mode: updateDependencies

The following packages were updated:
  com.unity.ads from version 2.0.8 to 3.4.7
  com.unity.analytics from version 3.3.2 to 3.3.5
  com.unity.ide.rider from version 1.0.8 to 1.1.4
  com.unity.ide.vscode from version 1.0.7 to 1.2.1
  com.unity.test-framework from version 1.0.13 to 1.1.14
  com.unity.timeline from version 1.1.0 to 1.2.6
The following packages were removed:
  com.unity.package-manager-ui@2.2.0

=== Sat Nov  5 11:35:29 2022

Packages were changed.
Update Mode: updateDependencies

The following packages were added:
  com.unity.ide.visualstudio@2.0.16
The following packages were updated:
  com.unity.ads from version 3.4.7 to 3.7.5
  com.unity.analytics from version 3.3.5 to 3.6.12
  com.unity.collab-proxy from version 1.2.16 to 1.17.2
  com.unity.ext.nunit from version 1.0.0 to 1.0.6
  com.unity.ide.rider from version 1.1.4 to 3.0.15
  com.unity.ide.vscode from version 1.2.1 to 1.2.5
  com.unity.purchasing from version 2.0.6 to 4.4.1
  com.unity.test-framework from version 1.1.14 to 1.1.31
  com.unity.textmeshpro from version 2.0.1 to 3.0.6
  com.unity.timeline from version 1.2.6 to 1.6.4

=== Tue Jun  3 14:25:22 2025

Packages were changed.
Update Mode: updateDependencies

The following packages were updated:
  com.unity.ads from version 4.3.0 to 4.4.2
  com.unity.collab-proxy from version 1.17.6 to 2.5.2
  com.unity.ide.rider from version 3.0.16 to 3.0.31
  com.unity.ide.visualstudio from version 2.0.16 to 2.0.22
  com.unity.purchasing from version 4.4.1 to 4.9.3
  com.unity.timeline from version 1.6.4 to 1.6.5
